C51 COMPILER V9.60.0.0   ADC                                                               01/25/2021 17:13:45 PAGE 1   


C51 COMPILER V9.60.0.0, COMPILATION OF MODULE ADC
OBJECT MODULE PLACED IN .\output\adc.obj
COMPILER INVOKED BY: C:\Keil_v5\C51\BIN\C51.EXE ..\Lib\Src\adc.c LARGE OMF2 OPTIMIZE(8,SPEED) BROWSE INCDIR(..\Core;..\L
                    -ib\Inc;..\User\Inc;..\App\Inc) DEBUG PRINT(.\lst\adc.lst) OBJECT(.\output\adc.obj)

line level    source

   1          #ifndef _ADC_C_
   2          #define _ADC_C_
   3          
   4          /*********************************************************************************************************
             -************/
   5          
   6          
   7          #include "ca51f_config.h"
   8          #include "ca51f2sfr.h"
   9          #include "ca51f2xsfr.h"
  10          #include "gpiodef_f2.h"
  11          
  12          #include "adc.h"
  13          #include <intrins.h>
  14          /*********************************************************************************************************
             -************/
  15          /***********************************************************************************
  16          函数名:         ADC_init                                                                                        
  17          功能描述：初始化ADC功能
  18          输入参数：adc_ref       ADC参考电压设置
  19                                                  adc_int         ADC中断设置
  20                                                  amp_sw          是否开启运放功能
  21                                                  gain                    运放增益
  22          返回值：  无
  23          ***********************************************************************************/
  24          void ADC_init(ADC_RefVolt_TypeDef adc_ref,
  25                                                                  InterruptSW_TypeDef adc_int,
  26                                                                  AmpSW_TypeDef amp_sw,
  27                                                                  AMP_Gain_TypeDef gain)                                                  
  28          {
  29   1              ADCON = AST(0) | ADIE(adc_int) | HTME(7) | VSEL(adc_ref);       
  30   1              ADCFGL = ACKD(7) | ADCALE(1) | ADCHS(0);        
  31   1      #if (IC_TYPE == IC_TYPE_CA51F2X)
  32   1              ADCFGH = AOVE(0) | VTRIM(35);
  33   1              if(amp_sw == ENABLE)
  34   1              {
  35   2                      OPACON = OPAM(2) | OPAS(gain);                  
  36   2              }
  37   1      #elif (IC_TYPE == IC_TYPE_CA51F3X)
                      if(amp_sw == ENABLE)
                      {
                              ADCFGH = AOPS(gain) | VTRIM(35);
                      }
                      else
                      {
                              ADCFGH = AOPS(0) | VTRIM(35);
                      }
              #endif
  47   1              if(adc_int == ENABLE)
  48   1              {
  49   2                      INT2EN = 1;                     
  50   2              }
  51   1      }
  52          /***********************************************************************************
C51 COMPILER V9.60.0.0   ADC                                                               01/25/2021 17:13:45 PAGE 2   

  53          函数名:         ADC_ConfigChannel                                                                                       
  54          功能描述：设置ADC输入通道
  55          输入参数：channel       ADC通道
  56          返回值：  无
  57          ***********************************************************************************/
  58          void ADC_ConfigChannel(ADC_Channel_TypeDef channel)
  59          {
  60   1              ADCFGL = (ADCFGL&0xF0) | ADCHS(channel);
  61   1      }
  62          /***********************************************************************************
  63          函数名:         ADC_StartConversion                                                                                     
  64          功能描述：启动ADC转换
  65          输入参数：无
  66          返回值：  无
  67          ***********************************************************************************/
  68          void ADC_StartConversion(void)
  69          {
  70   1        ADCON |= AST(1);
  71   1      }
  72          
  73          /***********************************************************************************
  74          函数名:         GetAdcValue                                                                                     
  75          功能描述：获取ADC转换数值
  76          输入参数：无
  77          返回值：  ADC值
  78          ***********************************************************************************/
  79          unsigned int GetAdcValue(void)
  80          {
  81   1              unsigned int ADC_Value;
  82   1              while(!(ADCON & ADIF));
  83   1              ADCON |= ADIF;
  84   1              ADC_Value = ADCDH*256 + ADCDL;
  85   1              ADC_Value >>= 4;
  86   1              return ADC_Value;
  87   1      }
  88          
  89          /*********************************************************************************************************
             -************/
  90          /*********************************************************************************************************
             -************
  91          函数名:         GetAdcValue                                                                                     
  92          功能描述：获取ADC通道转换数值
  93          输入参数：channel       ADC通道
  94          返回值：  ADC值
  95          ***********************************************************************************/
  96          unsigned int GetChannelAdcValue(ADC_Channel_TypeDef channel)
  97          {
  98   1              unsigned int ADC_Value;
  99   1              ADC_ConfigChannel(channel);//配置ADC通道
 100   1              ADC_StartConversion();//启动ADC转换
 101   1              while(!(ADCON & ADIF));//等待转换完成
 102   1              ADCON |= ADIF;//清除中断(转换完成)标志
 103   1              ADC_Value = ADCDH*256 + ADCDL;
 104   1              ADC_Value >>= 4;//获取AD值      
 105   1              return ADC_Value;
 106   1      }
 107          
 108          
 109          
 110          
 111          
 112          
C51 COMPILER V9.60.0.0   ADC                                                               01/25/2021 17:13:45 PAGE 3   

 113          
 114          
 115          
 116          
 117          
 118          
 119          
 120          
 121          
 122          
 123          
 124          
 125          #endif


MODULE INFORMATION:   STATIC OVERLAYABLE
   CODE SIZE        =    128    ----
   CONSTANT SIZE    =   ----    ----
   XDATA SIZE       =   ----       4
   PDATA SIZE       =   ----    ----
   DATA SIZE        =   ----    ----
   IDATA SIZE       =   ----    ----
   BIT SIZE         =   ----    ----
   EDATA SIZE       =   ----    ----
   HDATA SIZE       =   ----    ----
   XDATA CONST SIZE =   ----    ----
   FAR CONST SIZE   =   ----    ----
END OF MODULE INFORMATION.


C51 COMPILATION COMPLETE.  0 WARNING(S),  0 ERROR(S)
