C51 COMPILER V9.60.0.0   APP                                                               04/10/2021 13:14:59 PAGE 1   


C51 COMPILER V9.60.0.0, COMPILATION OF MODULE APP
OBJECT MODULE PLACED IN .\output\app.obj
COMPILER INVOKED BY: C:\Keil_v5\C51\BIN\C51.EXE ..\App\Src\app.c LARGE OMF2 OPTIMIZE(8,SPEED) BROWSE INCDIR(..\Core;..\L
                    -ib\Inc;..\User\Inc;..\App\Inc) DEBUG PRINT(.\lst\app.lst) OBJECT(.\output\app.obj)

line level    source

   1          #include "app.h"
   2          
   3          
   4          
   5          
   6          
   7          
   8          
   9          
  10          
  11          
  12          
  13          
  14          
  15          
  16          
  17          
  18          
  19          
  20          


MODULE INFORMATION:   STATIC OVERLAYABLE
   CODE SIZE        =   ----    ----
   CONSTANT SIZE    =   ----    ----
   XDATA SIZE       =   ----    ----
   PDATA SIZE       =   ----    ----
   DATA SIZE        =   ----    ----
   IDATA SIZE       =   ----    ----
   BIT SIZE         =   ----    ----
   EDATA SIZE       =   ----    ----
   HDATA SIZE       =   ----    ----
   XDATA CONST SIZE =   ----    ----
   FAR CONST SIZE   =   ----    ----
END OF MODULE INFORMATION.


C51 COMPILATION COMPLETE.  0 WARNING(S),  0 ERROR(S)
