C51 COMPILER V9.60.0.0   BAT                                                               04/10/2021 13:15:03 PAGE 1   


C51 COMPILER V9.60.0.0, COMPILATION OF MODULE BAT
OBJECT MODULE PLACED IN .\output\bat.obj
COMPILER INVOKED BY: C:\Keil_v5\C51\BIN\C51.EXE ..\User\Src\bat.c LARGE OMF2 OPTIMIZE(8,SPEED) BROWSE INCDIR(..\Core;..\
                    -Lib\Inc;..\User\Inc;..\App\Inc) DEBUG PRINT(.\lst\bat.lst) OBJECT(.\output\bat.obj)

line level    source

   1          /* Includes ------------------------------------------------------------------*/
   2          #include "bat.h"
   3          
   4          /* Private typedef -----------------------------------------------------------*/
   5          /* Private define ------------------------------------------------------------*/ 
   6          /* Private macro -------------------------------------------------------------*/
   7          /* Private variables ---------------------------------------------------------*/
   8          /* Private function prototypes -----------------------------------------------*/
   9          /* Private functions ---------------------------------------------------------*/
  10          
  11          
  12          /* global variables ----------------------------------------------------------*/
  13          
  14          
  15          uint8_t lowspeed = 0;                       //低功耗运行标志
  16          uint8_t time_to_enter_lowspeed = 0;                     //进入低速模式的时间，为 0 时间进入低速模式
  17          
  18          uint8_t flag_dc_5v = 1;                                                                 //1：5v电源接入
  19          
  20          
  21          
  22          
  23          uint16_t low_power_test_time = 5000; //5s
  24          
  25          
  26          static uint8_t dc_5v_timer = 0;
  27          
  28          static uint8_t flag_low_vol = 0;                                                                //电池低电标志
  29          
  30          static uint8_t low_vol_time_cnt = 0;
  31          static uint8_t test_ok_first_time = 0;      //防止重复发出开机 滴 声
  32          
  33          
  34          /*--------------------------------------------------------------------------------------------------------
             -----------------------------------*/
  35          /***@函数名称：   test_5v_init
  36              @函数功能：   5v接入测试引脚初始化
  37              @入口参数：   设置为输入模式
  38              @出口参数：   无
  39              @备注说明：   无
  40          */
  41          /*--------------------------------------------------------------------------------------------------------
             -----------------------------------*/
  42          void test_5v_init(void)
  43          {   
  44   1          GPIO_Init(DC_5V_PIN,   INPUT);
  45   1      
  46   1          #if 0
                  GPIO_Init(DC_5V_PIN,                                        P42_ADC2_SETTING);
                  ADCON = 0x3d;
                  ADCFGL |= 0xc0;      
                  #endif
  51   1      }
  52          
C51 COMPILER V9.60.0.0   BAT                                                               04/10/2021 13:15:03 PAGE 2   

  53          
  54          void test_5v_config_io_in(void)
  55          {
  56   1      
  57   1      }
  58          
  59          
  60          void test_5v_config_ADC_in(void)
  61          {
  62   1          
  63   1      }
  64          
  65          /*--------------------------------------------------------------------------------------------------------
             -----------------------------------*/
  66          /***@函数名称：   bat_ADC_init
  67              @函数功能：   电量检测引脚初始化
  68              @入口参数：   设置为AD模式
  69              @出口参数：   无
  70              @备注说明：   无
  71          */
  72          /*--------------------------------------------------------------------------------------------------------
             -----------------------------------*/
  73          void bat_ADC_init(void)
  74          {
  75   1          GPIO_Init(BAT_ADC_PIN,                              P41_ADC1_SETTING);              //ch1
  76   1      
  77   1          ADCON = 0x3d;
  78   1          ADCFGL |= 0xc0;      
  79   1      }
  80          
  81          
  82          
  83          /*--------------------------------------------------------------------------------------------------------
             -----------------------------------*/
  84          /***@函数名称：   close_bat_adc
  85              @函数功能：   低功耗模式下关闭电量检测AD，设置为高阻
  86              @入口参数：   设置为AD模式
  87              @出口参数：   无
  88              @备注说明：   无
  89          */
  90          /*--------------------------------------------------------------------------------------------------------
             -----------------------------------*/
  91          void close_bat_adc(void)
  92          {
  93   1          GPIO_Init(BAT_ADC_PIN,                              HIGH_Z);                //ch1
  94   1      }
  95          
  96          
  97          
  98          /*--------------------------------------------------------------------------------------------------------
             -----------------------------------*/
  99          /***@函数名称：   test_5v_in
 100              @函数功能：   测试5V是否接入
 101              @入口参数：   接入为高电平
 102              @出口参数：   无
 103              @备注说明：   无
 104          */
 105          /*--------------------------------------------------------------------------------------------------------
             -----------------------------------*/
 106          void test_5v_in(void)
 107          {
 108   1              static uint8_t test_ng_first_time = 0;          //防止重复设置进入低功耗时间
C51 COMPILER V9.60.0.0   BAT                                                               04/10/2021 13:15:03 PAGE 3   

 109   1              static u16 usb_vol = 0;    
 110   1      
 111   1          if (lcd_mode != mode_9v_power_on_wait)
 112   1          {
 113   2              
 114   2              //usb_vol = GetChannelAdcValue(V_ADC_CH);
 115   2      
 116   2              if (DC_5V_GPIO) 
 117   2              //if(usb_vol >= 2500)   
 118   2              {
 119   3                      if (++dc_5v_timer >= TEST_DC_5V_TIME) 
 120   3                      {
 121   4                              dc_5v_timer = TEST_DC_5V_TIME;
 122   4                              flag_dc_5v = 1;                                                                         //5vDC电源接入                  
 123   4                              test_ng_first_time = 0;
 124   4                              if(!test_ok_first_time)                                         //第一次检查到 ,说明是5V上电
 125   4                              {
 126   5                                      test_ok_first_time = 1;
 127   5      
 128   5                          lcd_mode = mode_9v_power_on_wait;       //进入上电等待模式
 129   5                          g_9v_power_on_wait_time = 500;          //等待500ms
 130   5                              }
 131   4                      }               
 132   3              }       
 133   2              /**************** ********************/
 134   2              else
 135   2              {       
 136   3                      dc_5v_timer = 0;
 137   3                      flag_dc_5v = 0;
 138   3                      test_ok_first_time = 0; 
 139   3                      bl_close();//关背光
 140   3                      
 141   3                      if(!test_ng_first_time)
 142   3                      {
 143   4                              test_ng_first_time = 1;
 144   4                      enter_low_speed_mode();
 145   4                      return;
 146   4                      }               
 147   3              }
 148   2      
 149   2      
 150   2      
 151   2          }
 152   1      
 153   1      
 154   1      }
*** WARNING C280 IN LINE 109 OF ..\User\Src\bat.c: 'usb_vol': unreferenced local variable
 155          
 156          
 157          /*--------------------------------------------------------------------------------------------------------
             -----------------------------------*/
 158          /***@函数名称：   bat_vol_test
 159              @函数功能：   电池电量检测
 160              @入口参数：   无
 161              @出口参数：   无
 162              @备注说明：   无
 163          */
 164          /*--------------------------------------------------------------------------------------------------------
             -----------------------------------*/
 165          void bat_vol_test(void)
 166          {
 167   1              if(GetChannelAdcValue(BAT_ADC_CH) <=  BAT_LOW_VOL)
C51 COMPILER V9.60.0.0   BAT                                                               04/10/2021 13:15:03 PAGE 4   

 168   1              {
 169   2                      if(++ low_vol_time_cnt >= 20)                                   //延时判断是否真正是低电
 170   2                      {
 171   3                              low_vol_time_cnt = 20;
 172   3                              flag_low_vol = 1;
 173   3                      }
 174   2              }
 175   1              else
 176   1              {
 177   2                      low_vol_time_cnt = 0;
 178   2                      flag_low_vol = 0;
 179   2              }
 180   1      }
 181          
 182          
 183          /*--------------------------------------------------------------------------------------------------------
             -----------------------------------*/
 184          /***@函数名称：   low_vol_opera
 185              @函数功能：   低电时的操作
 186              @入口参数：   无
 187              @出口参数：   无
 188              @备注说明：   低电时闪烁电池图标
 189          */
 190          /*--------------------------------------------------------------------------------------------------------
             -----------------------------------*/
 191          void low_vol_opera(void)
 192          {
 193   1              if(flag_low_vol)                                        //低电压时
 194   1              {
 195   2              lcd_symbol_deal(symbol_bat,flag_clockdot_show);         //低电压符号跟随时钟秒点闪烁    
 196   2              }
 197   1              else                                                                                    //非 低电压时
 198   1              {
 199   2                      lcd_symbol_deal(symbol_bat,HIDE);                                                                               //隐藏低电压符号
 200   2              }
 201   1      }
 202          
 203          
 204          /*--------------------------------------------------------------------------------------------------------
             -----------------------------------*/
 205          /***@函数名称：   test_5v_in_lowspeed
 206              @函数功能：   低功耗时测试5v是否接入，如果接入，则唤醒
 207              @入口参数：   无
 208              @出口参数：   无
 209              @备注说明：   低电时闪烁电池图标
 210          */
 211          /*--------------------------------------------------------------------------------------------------------
             -----------------------------------*/
 212          void test_5v_in_lowspeed(void)
 213          {
 214   1          #ifdef TIME_TEST_LOWPOWER_WAKEUP
                  if (!low_power_test_time)
                  {
                      quit_low_speed_mode();//退出低功耗
                      low_power_test_time = 5000;
                      bl_pwm_mode = 0;
                  }
                  #endif
 222   1      
 223   1          #ifndef TIME_TEST_LOWPOWER_WAKEUP
 224   1              if(dc_5v_in)
 225   1              {
C51 COMPILER V9.60.0.0   BAT                                                               04/10/2021 13:15:03 PAGE 5   

 226   2                      quit_low_speed_mode();//退出低功耗
 227   2                      time_to_enter_lowspeed = ENTER_LOWSPEED_TIME;                   //进入低功耗倒计时 10s
 228   2                      bl_pwm_mode = 0;
 229   2              }
 230   1              else
 231   1              {
 232   2                      flag_dc_5v = 0;
 233   2              }
 234   1         #endif
 235   1      
 236   1      }
 237          /*********************************************************************************************************
             -************
 238          
 239          
 240          **********************************************************************************************************
             -***********/
 241          void nothing_action_test(void)
 242          {
 243   1          #ifdef TIME_TEST_LOWPOWER_WAKEUP
                  if (!low_power_test_time)
                  {
                      enter_low_speed_mode();
                  }
                  #endif
 249   1      
 250   1          #ifndef TIME_TEST_LOWPOWER_WAKEUP
 251   1              if(!flag_dc_5v)                                 //只在 电池供电 情况下会 进入低功耗
 252   1              {
 253   2                      if(time_to_enter_lowspeed == 0)
 254   2                      {
 255   3                              enter_low_speed_mode();
 256   3                      }
 257   2              }
 258   1         #endif
 259   1      
 260   1      
 261   1      }
 262          
 263          
 264          void ring_amp_close(void)
 265          {
 266   1          SCL_LOW;
 267   1              SDA_LOW;
 268   1          DAC_R_HIGH;
 269   1          V_AMP_CTL_PIN_LOW;
 270   1      }
 271          
 272          
 273          
 274          
 275          /*********************************************************************************************************
             -************
 276          
 277          
 278          **********************************************************************************************************
             -***********/
 279          #if 0
              void enter_low_speed_mode(void)
              {
              
                      GPIO_Init(MOTOR_AIN_PIN,HIGH_Z);        //电机引脚关闭
C51 COMPILER V9.60.0.0   BAT                                                               04/10/2021 13:15:03 PAGE 6   

                      GPIO_Init(MOTOR_BIN_PIN,HIGH_Z);
                      
                      lcd_clear();
              
                  bl_close();//关背光
              
                  ring_close(); //关语音
                  //ring_amp_close();
                  close_switch_ADC_pin(); //拨码开关设置为IO，拉高
              
                  close_bat_adc();        //关电池电压检测引脚
              
                  close_key_ad();
              
                  //GPIO_Init(DC_5V_PIN,                                      INPUT);
              
                  TR0 = 0;
                  ET0 = 0;
              
                  TR1 = 0;
                  ET1 = 0;
                  
                              
                      
              #if ((MOTOR_FREQ == PLL)        || (SYSCLK_SRC == PLL))
                      PLLCON &= 0x7f;                                                                                         //PLL关闭，不再使用IRCH时钟
              #endif          
              //--------低速模式--------------
              
                      I2CCON = 0; 
                  CKCON |= ILCKE;
                  Delay_ms(1);
                      CKSEL = (CKSEL&0xF8) | CKSEL_IRCL;              //系统时钟选择 内部低速时钟 131KHz              
                      CKCON = 0;                                                              //关闭没被选择使用的其他所有时钟 ( )
                      PWCON &= 0xf7;                                                  //设置LDO进入低功率模式
                  
              
              //------------------------------
                      lowspeed = 1;
              test_ok_first_time = 0;
              
              low_power_test_time = 50;
              
              }
              #endif
 329          
 330          
 331          
 332          
 333          
 334          /*********************************************************************************************************
             -************
 335          
 336          
 337          **********************************************************************************************************
             -***********/
 338          #if 0
              void quit_low_speed_mode(void)
              {       
              #if ((MOTOR_FREQ == PLL)        || (SYSCLK_SRC == PLL)) 
                      PLLCON |= 0xa0;                                                                                                 //PLL打开   6倍频 3686400 * 6 = 22118400hZ
                      while(!(PLLCON & 0x01));                                                                //等待PLL稳定
C51 COMPILER V9.60.0.0   BAT                                                               04/10/2021 13:15:03 PAGE 7   

              #endif  
                      
                      CKCON |= IHCKE;
                      CKCON |= ILCKE; //使能内部低速时钟，用于背光pwm                                                                         //IRCL时钟使能
                      CKSEL = (CKSEL&0xF8) | CKSEL_IRCH;                      //内部 IRCH 4M 时钟
                      
                      #if (SYSCLK_SRC == PLL)
                      CKSEL = (CKSEL & 0XF8) | 4;                                                     //系统时钟选择 PLL
                      ADCFGL |= 0x60;                                                                                                 //ADC时钟 6 分频
                      #endif  
              
                      PWCON |= 0x08;                                                                                                  //LDO设置回高功率模式
                      //------------------    
              
                  TR0 = 1;
                  ET0 = 1;
                 
                  //背光调节功能恢复    
                  GPIO_Init(BL_ADC_DETECT_PIN, BL_ADC_DETECT_MOD);
                  //5V检测
                  //GPIO_Init(DC_5V_PIN,P42_ADC2_SETTING);
                  //语音功能恢复
              
                  //SCL_LOW;
                      //SDA_LOW;
                  
                  SCL_HIGH;
                      SDA_HIGH;
                  
                  GPIO_Init(DAC_R_PIN,OUTPUT);
                  DAC_R_LOW;
                  V_AMP_CTL_PIN_HIGH;
                  GPIO_Init(RING_VOL_CTL_PIN, RING_VOL_CTL_MOD);     
                  GPIO_Init(BUSY_PIN,INPUT);
              
                  //拨码开关功能恢复
                  GPIO_Init(MOTOR_SWITCH_ADC_PIN,                     MOTOR_SWITCH_PIN_ADC_MODE);
                  GPIO_Init(MODE_SWITCH_ADC_PIN,                      MODE_SWITCH_PIN_ADC_MODE);
              
                  //电池电量检测功能恢复
                  GPIO_Init(BAT_ADC_PIN,                              P41_ADC1_SETTING);      
                              
                      lowspeed = 0;//
              }
              #endif
 389          
 390          
 391          
 392          void enter_low_speed_mode(void)
 393          {
 394   1      
 395   1              GPIO_Init(MOTOR_AIN_PIN,HIGH_Z);        //电机引脚关闭
 396   1              GPIO_Init(MOTOR_BIN_PIN,HIGH_Z);
 397   1              
 398   1              lcd_clear();
 399   1      
 400   1          bl_close();//关背光
 401   1      
 402   1          ring_close(); //关语音
 403   1          close_switch_ADC_pin(); //拨码开关设置为IO，拉高
 404   1      
 405   1          close_bat_adc();        //关电池电压检测引脚
C51 COMPILER V9.60.0.0   BAT                                                               04/10/2021 13:15:03 PAGE 8   

 406   1      
 407   1          close_key_ad();
 408   1      
 409   1          TR0 = 0;
 410   1          ET0 = 0;
 411   1      
 412   1          TR1 = 0;
 413   1          ET1 = 0;
 414   1          
 415   1                      
 416   1              
 417   1      #if ((MOTOR_FREQ == PLL)        || (SYSCLK_SRC == PLL))
 418   1              PLLCON &= 0x7f;                                                                                         //PLL关闭，不再使用IRCH时钟
 419   1      #endif          
 420   1      //--------低速模式--------------
 421   1              I2CCON = 0; 
 422   1          CKCON |= ILCKE;
 423   1          Delay_ms(1);
 424   1              CKSEL = (CKSEL&0xF8) | CKSEL_IRCL;              //系统时钟选择 内部低速时钟 131KHz              
 425   1              CKCON = 0;                                                              //关闭没被选择使用的其他所有时钟 ( )
 426   1              PWCON &= 0xf7;                                                  //设置LDO进入低功率模式
 427   1      //------------------------------
 428   1              lowspeed = 1;
 429   1      test_ok_first_time = 0;
 430   1      
 431   1      low_power_test_time = 50;
 432   1      
 433   1      }
 434          
 435          
 436          
 437          
 438          
 439          void quit_low_speed_mode(void)
 440          {       
 441   1      #if ((MOTOR_FREQ == PLL)        || (SYSCLK_SRC == PLL)) 
 442   1              PLLCON |= 0xa0;                                                                                                 //PLL打开   6倍频 3686400 * 6 = 22118400hZ
 443   1              while(!(PLLCON & 0x01));                                                                //等待PLL稳定
 444   1      #endif  
 445   1              
 446   1              CKCON |= IHCKE;
 447   1              CKCON |= ILCKE; //使能内部低速时钟，用于背光pwm                                                                         //IRCL时钟使能
 448   1              CKSEL = (CKSEL&0xF8) | CKSEL_IRCH;                      //内部 IRCH 4M 时钟
 449   1              
 450   1              #if (SYSCLK_SRC == PLL)
 451   1              CKSEL = (CKSEL & 0XF8) | 4;                                                     //系统时钟选择 PLL
 452   1              ADCFGL |= 0x60;                                                                                                 //ADC时钟 6 分频
 453   1              #endif  
 454   1      
 455   1              PWCON |= 0x08;                                                                                                  //LDO设置回高功率模式
 456   1              //------------------    
 457   1      
 458   1          TR0 = 1;
 459   1          ET0 = 1;
 460   1         
 461   1          //背光调节功能恢复    
 462   1          GPIO_Init(BL_ADC_DETECT_PIN, BL_ADC_DETECT_MOD);
 463   1          
 464   1          //语音功能恢复
 465   1      
 466   1          SCL_HIGH;
 467   1              SDA_HIGH;
C51 COMPILER V9.60.0.0   BAT                                                               04/10/2021 13:15:03 PAGE 9   

 468   1          
 469   1          GPIO_Init(DAC_R_PIN,OUTPUT);
 470   1          DAC_R_LOW;
 471   1          //V_AMP_CTL_PIN_HIGH;
 472   1          V_AMP_CTL_PIN_LOW;
 473   1          GPIO_Init(RING_VOL_CTL_PIN, RING_VOL_CTL_MOD);     
 474   1          GPIO_Init(BUSY_PIN,INPUT);
 475   1      
 476   1      
 477   1      
 478   1      
 479   1          
 480   1      
 481   1          //拨码开关功能恢复
 482   1          GPIO_Init(MOTOR_SWITCH_ADC_PIN,                     MOTOR_SWITCH_PIN_ADC_MODE);
 483   1          GPIO_Init(MODE_SWITCH_ADC_PIN,                      MODE_SWITCH_PIN_ADC_MODE);
 484   1      
 485   1          //电池电量检测功能恢复
 486   1          GPIO_Init(BAT_ADC_PIN,                              P41_ADC1_SETTING);      
 487   1                      
 488   1              lowspeed = 0;//
 489   1      }
 490          
 491          
 492          
 493          
 494          
 495          
 496          
 497          
 498          


MODULE INFORMATION:   STATIC OVERLAYABLE
   CODE SIZE        =    430    ----
   CONSTANT SIZE    =   ----    ----
   XDATA SIZE       =     12    ----
   PDATA SIZE       =   ----    ----
   DATA SIZE        =   ----    ----
   IDATA SIZE       =   ----    ----
   BIT SIZE         =   ----    ----
   EDATA SIZE       =   ----    ----
   HDATA SIZE       =   ----    ----
   XDATA CONST SIZE =   ----    ----
   FAR CONST SIZE   =   ----    ----
END OF MODULE INFORMATION.


C51 COMPILATION COMPLETE.  1 WARNING(S),  0 ERROR(S)
