C51 COMPILER V9.60.0.0   DELAY                                                             01/25/2021 17:13:44 PAGE 1   


C51 COMPILER V9.60.0.0, COMPILATION OF MODULE DELAY
OBJECT MODULE PLACED IN .\output\delay.obj
COMPILER INVOKED BY: C:\Keil_v5\C51\BIN\C51.EXE ..\Lib\Src\delay.c LARGE OMF2 OPTIMIZE(8,SPEED) BROWSE INCDIR(..\Core;..
                    -\Lib\Inc;..\User\Inc;..\App\Inc) DEBUG PRINT(.\lst\delay.lst) OBJECT(.\output\delay.obj)

line level    source

   1          #ifndef _Delay_C_
   2          #define _Delay_C_
   3          #include "ca51f_config.h"
   4          /*********************************************************************************************************
             -************/
   5          void Delay_50us(unsigned int n)    
   6          {
   7   1              unsigned char i;
   8   1      #if (SYSCLK_SRC == PLL)
   9   1              n *= PLL_Multiple;
  10   1      #endif 
  11   1              
  12   1              while(n--)
  13   1              {
  14   2                      for(i=0;i<15;i++);
  15   2              }
  16   1      }
  17          void Delay_ms(unsigned int delay_nms)
  18          {
  19   1              while(delay_nms--)
  20   1              {
  21   2                      Delay_50us(20);
  22   2              }
  23   1      }
  24          /*********************************************************************************************************
             -************/
  25          #endif


MODULE INFORMATION:   STATIC OVERLAYABLE
   CODE SIZE        =     93    ----
   CONSTANT SIZE    =   ----    ----
   XDATA SIZE       =   ----       4
   PDATA SIZE       =   ----    ----
   DATA SIZE        =   ----    ----
   IDATA SIZE       =   ----    ----
   BIT SIZE         =   ----    ----
   EDATA SIZE       =   ----    ----
   HDATA SIZE       =   ----    ----
   XDATA CONST SIZE =   ----    ----
   FAR CONST SIZE   =   ----    ----
END OF MODULE INFORMATION.


C51 COMPILATION COMPLETE.  0 WARNING(S),  0 ERROR(S)
