C51 COMPILER V9.60.0.0   SYSTEM_CLOCK                                                      01/25/2021 17:13:45 PAGE 1   


C51 COMPILER V9.60.0.0, COMPILATION OF MODULE SYSTEM_CLOCK
OBJECT MODULE PLACED IN .\output\system_clock.obj
COMPILER INVOKED BY: C:\Keil_v5\C51\BIN\C51.EXE ..\Lib\Src\system_clock.c LARGE OMF2 OPTIMIZE(8,SPEED) BROWSE INCDIR(..\
                    -Core;..\Lib\Inc;..\User\Inc;..\App\Inc) DEBUG PRINT(.\lst\system_clock.lst) OBJECT(.\output\system_clock.obj)

line level    source

   1          #ifndef _SYSTEM_CLOCK_C_
   2          #define _SYSTEM_CLOCK_C_
   3          /*********************************************************************************************************
             -************/
   4          #include "ca51f_config.h"               
   5          #include "ca51f2sfr.h"
   6          #include "ca51f2xsfr.h"
   7          #include "gpiodef_f2.h"
   8          #include "system_clock.h"
   9          
  10          #include <intrins.h>
  11          /*********************************************************************************************************
             -************/
  12          
  13          
  14          /***********************************************************************************
  15          函数名  ：              Sys_Clk_Set_IRCH                                                                                        
  16          功能描述：              设置系统时钟为IRCH
  17          输入参数：              无
  18          返回值  ：              无
  19          ***********************************************************************************/
  20          void Sys_Clk_Set_IRCH(void)
  21          {
  22   1              CKCON |= IHCKE;                                                                                 //IRCH时钟使能
  23   1              CKSEL = (CKSEL&0xF8) | CKSEL_IRCH;      //系统时钟切换到IRCH
  24   1      }
  25          /***********************************************************************************/
  26          
  27          
  28          
  29          /***********************************************************************************
  30          函数名  ：              Sys_Clk_Set_IRCL                                                                                        
  31          功能描述：              设置系统时钟为IRCL
  32          输入参数：              无
  33          返回值  ：              无
  34          ***********************************************************************************/
  35          void Sys_Clk_Set_IRCL(void)
  36          {
  37   1              CKCON |= ILCKE;                                                                                 //IRCL时钟使能
  38   1              CKSEL = (CKSEL&0xF8) | CKSEL_IRCL;      //系统时钟切换到IRCL    
  39   1      }
  40          /***********************************************************************************/
  41          
  42          
  43          
  44          /***********************************************************************************
  45          函数名  ：              Sys_Clk_Set_XOSCL                                                                                       
  46          功能描述：              设置系统时钟为XOSCL
  47          输入参数：              无
  48          返回值  ：              无
  49          ***********************************************************************************/
  50          void Sys_Clk_Set_XOSCL(void)
  51          {
  52   1              P71F = P71_XOSCL_OUT_SETTING;                           //设置P71为晶振引脚
C51 COMPILER V9.60.0.0   SYSTEM_CLOCK                                                      01/25/2021 17:13:45 PAGE 2   

  53   1              P72F = P72_XOSCL_IN_SETTING;                            //设置P72为晶振引脚
  54   1              CKCON |= XLCKE;                                                                                 //使能XOSCL时钟
  55   1              while(!(CKCON & XLSTA));                                                //等待XOSCL时钟稳定
  56   1              CKSEL = (CKSEL&0xF8) | CKSEL_XOSCL;     //切换系统时钟到XOSCL   
  57   1      }
  58          /***********************************************************************************/
  59          
  60          
  61          
  62          /***********************************************************************************
  63          函数名  ：              Sys_Clk_Set_PLL                                                                                 
  64          功能描述：              设置系统时钟为PLL
  65          输入参数：              Multiple   倍频倍数
  66          返回值  ：              无
  67          ***********************************************************************************/
  68          void Sys_Clk_Set_PLL(unsigned char Multiple)    
  69          {
  70   1              if(Multiple < 2 || Multiple > 8) return;                //倍频倍数范围为 2~8，超出此范围返回
  71   1      
  72   1              PLLCON = PLLON(1) | MULFT(Multiple-2);                  //设置倍频倍数并使能PLL
  73   1              while(!(PLLCON & PLSTA));                                                                               //等待PLL时钟稳定
  74   1              CKSEL = (CKSEL&0xF8) | CKSEL_PLL;                                               //切换系统时钟到PLL
  75   1      }
  76          /***********************************************************************************/
  77          
  78          
  79          
  80          /***********************************************************************************
  81          函数名  ：              Sys_Clk_Set_TFRC                                                                                        
  82          功能描述：              设置系统时钟为TFRC
  83          输入参数：              无
  84          返回值  ：              无
  85          ***********************************************************************************/
  86          void Sys_Clk_Set_TFRC(void)
  87          {
  88   1              CKCON |= TFCKE;                                                                                                 //使能TFRC时钟
  89   1              CKSEL = (CKSEL&0xF8) | CKSEL_TFRC;                      //切换系统时钟到TFRC
  90   1      }
  91          /***********************************************************************************/
  92          
  93          
  94          /*********************************************************************************************************
             -************/
  95          #endif


MODULE INFORMATION:   STATIC OVERLAYABLE
   CODE SIZE        =    131    ----
   CONSTANT SIZE    =   ----    ----
   XDATA SIZE       =   ----    ----
   PDATA SIZE       =   ----    ----
   DATA SIZE        =   ----    ----
   IDATA SIZE       =   ----    ----
   BIT SIZE         =   ----    ----
   EDATA SIZE       =   ----    ----
   HDATA SIZE       =   ----    ----
   XDATA CONST SIZE =   ----    ----
   FAR CONST SIZE   =   ----    ----
END OF MODULE INFORMATION.


C51 COMPILATION COMPLETE.  0 WARNING(S),  0 ERROR(S)
