C51 COMPILER V9.60.0.0   TIMER                                                             04/10/2021 13:15:02 PAGE 1   


C51 COMPILER V9.60.0.0, COMPILATION OF MODULE TIMER
OBJECT MODULE PLACED IN .\output\timer.obj
COMPILER INVOKED BY: C:\Keil_v5\C51\BIN\C51.EXE ..\User\Src\timer.c LARGE OMF2 OPTIMIZE(8,SPEED) BROWSE INCDIR(..\Core;.
                    -.\Lib\Inc;..\User\Inc;..\App\Inc) DEBUG PRINT(.\lst\timer.lst) OBJECT(.\output\timer.obj)

line level    source

   1          /* Includes ------------------------------------------------------------------*/
   2          #include "timer.h"
   3          
   4          /* Private typedef -----------------------------------------------------------*/
   5          /* Private define ------------------------------------------------------------*/ 
   6          /* Private macro -------------------------------------------------------------*/
   7          /* Private variables ---------------------------------------------------------*/
   8          /* Private function prototypes -----------------------------------------------*/
   9          /* Private functions ---------------------------------------------------------*/
  10          
  11          
  12          /* global variables ----------------------------------------------------------*/
  13          uint16_t g_timer0_10ms_cnt = TIMER0_10MS_CNT;
  14          uint16_t g_timer0_5ms_cnt = TIMER0_5MS_CNT;
  15          
  16          uint16_t g_timer0_20ms_cnt = TIMER0_20MS_CNT;
  17          uint16_t g_timer0_200ms_cnt = TIMER0_200MS_CNT;
  18          uint16_t g_timer0_2s_cnt = TIMER0_2S_CNT;
  19          
  20          uint8_t flag_50ms = 0;
  21          uint8_t flag_10ms = 0;
  22          uint8_t flag_20ms = 0;
  23          uint8_t flag_100ms = 0;
  24          uint8_t flag_200ms = 0;
  25          uint8_t flag_2s = 0;
  26          
  27          
  28          
  29          /*--------------------------------------------------------------------------------------------------------
             -----------------------------------*/
  30          /***@函数名称：   timer_init
  31              @函数功能：   timer_init
  32              @入口参数：   无
  33              @出口参数：   无
  34              @备注说明：   时钟为系统时钟 12 分频 timer0 1ms中断一次用于基本定时
  35                             timer1 100us中断一次用于语音IC双线通信
  36          */
  37          /*--------------------------------------------------------------------------------------------------------
             -----------------------------------*/
  38          void timer_init(void)
  39          { 
  40   1          TMOD=(TMOD&0xCC)|0x21;                                      //定时器0：模式1 ，16位定时器     --定时器
             -1：模式2 ，8位定时器    
  41   1      #if (SYSCLK_SRC == IRCH)
                  TL0 = 0xcc;                             
                  TH0 = 0xfe;                             // 1ms
              #elif  (SYSCLK_SRC == PLL)
  45   1          TL0 = 0xcc;                             
  46   1          TH0 = 0xf8;                             // 1ms
  47   1      #endif
  48   1              TR0 = 1;                                                                                                                                        //开启定时器0
  49   1              ET0 = 1;                        //定时器0 允许中断
  50   1      
  51   1          ET1 = 1;                                                                                                                                    //定时器1 允许中断
C51 COMPILER V9.60.0.0   TIMER                                                             04/10/2021 13:15:02 PAGE 2   

  52   1      }
  53          
  54          
  55          
  56          
  57          
  58          


MODULE INFORMATION:   STATIC OVERLAYABLE
   CODE SIZE        =     21    ----
   CONSTANT SIZE    =   ----    ----
   XDATA SIZE       =     16    ----
   PDATA SIZE       =   ----    ----
   DATA SIZE        =   ----    ----
   IDATA SIZE       =   ----    ----
   BIT SIZE         =   ----    ----
   EDATA SIZE       =   ----    ----
   HDATA SIZE       =   ----    ----
   XDATA CONST SIZE =   ----    ----
   FAR CONST SIZE   =   ----    ----
END OF MODULE INFORMATION.


C51 COMPILATION COMPLETE.  0 WARNING(S),  0 ERROR(S)
